*DISPLACEMENTS
    1 0.0 -2.1630226140640505e-06
    2 -2.1630226140640505e-06 0.0
    3 -3.422132745570588e-06 0.0
    4 -2.163022614064051e-06 -1.9019583569978225e-05
    5 -5.649898884277318e-07 -1.9019583569978225e-05
    6 -3.293002390919514e-06 -6.489067842192154e-06
    7 2.2921529687151244e-06 0.0
    8 0.0 0.0

*ELEMENT_STRAINS
    1 0.0
    2 -1.711066372785294e-06
    3 0.0
    4 -2.117582368135751e-22
    5 1.4285714285714282e-06
    6 0.0
    7 -4.440118359617922e-06
    8 -5.649898884277316e-07
    9 1.4285714285714282e-06
    10 -3.6411019967997624e-06
    11 -3.244533921096077e-06
    12 -7.9901636281816e-07
    13 -1.1460764843575622e-06

*ELEMENT_STRESSES
    1 0.0
    2 -359323.93828491174
    3 0.0
    4 -4.446922973085077e-11
    5 299999.99999999994
    6 0.0
    7 -932424.8555197635
    8 -118647.87656982362
    9 299999.99999999994
    10 -764631.4193279501
    11 -681352.1234301762
    12 -167793.43619181358
    13 -240676.06171508806

*REACTION_FORCES
    1 FX = 7186.478765698235
    3 FY = 13186.478765698232
    7 FY = 24440.56370290528
    8 FX = -7186.478765698234
    8 FY = 2372.9575313964733
